[debug] > Exec(early(addDefaultCommands), None, None)
[debug] > Exec(addDefaultCommands, None, None)
[debug] > Exec(early(initialize), None, None)
[debug] > Exec(initialize, None, None)
[debug] > Exec(boot, None, None)
[debug] > Exec(writeSbtVersion, None, None)
[debug] > Exec(reload, None, None)
[debug] > Exec(sbtStashOnFailure, None, None)
[debug] > Exec(onFailure loadFailed, None, None)
[debug] > Exec(loadp, None, None)
[info] welcome to sbt 1.10.2 (JetBrains s.r.o. Java 17.0.12)
[debug] Load.defaultLoad until apply took 60.22ms
[debug]           Load.loadUnit: plugins took 32.275958ms
[debug]           Load.loadUnit: defsScala took 0.128541ms
[debug] [Loading] Scanning directory /Users/bala/IdeaProjects/zio-learning/project
[debug]             Load.loadUnit: mkEval took 2.442291ms
[debug] [Loading] Found non-root projects 
[debug] [Loading] Done in /Users/bala/IdeaProjects/zio-learning/project, returning: ()
[debug] deducing auto plugins based on known facts Set(Atom(sbt.plugins.CorePlugin)) and clauses Clauses(Clause(Atom(sbt.plugins.JvmPlugin),Set(Atom(sbt.plugins.IvyPlugin)))
[debug] Clause(Atom(sbt.ScriptedPlugin),Set(Atom(sbt.plugins.JvmPlugin)))
[debug] Clause(Atom(sbt.plugins.SbtPlugin),Set(Atom(sbt.ScriptedPlugin)))
[debug] Clause(Atom(sbt.plugins.SemanticdbPlugin),Set(Atom(sbt.plugins.JvmPlugin)))
[debug] Clause(Atom(sbt.plugins.JUnitXmlReportPlugin),Set(Atom(sbt.plugins.JvmPlugin)))
[debug] Clause(Atom(sbt.plugins.MiniDependencyTreePlugin),Set(Atom(sbt.plugins.JvmPlugin)))
[debug] Clause(Atom(sbt.plugins.CorePlugin),Set(Atom(sbt.plugins.IvyPlugin)))
[debug] Clause(Atom(sbt.plugins.IvyPlugin),Set(Atom(sbt.plugins.JvmPlugin)))
[debug] Clause(Atom(sbt.plugins.JvmPlugin),Set(Atom(sbt.plugins.SemanticdbPlugin)))
[debug] Clause(Atom(sbt.plugins.JvmPlugin),Set(Atom(sbt.plugins.JUnitXmlReportPlugin)))
[debug] Clause(Atom(sbt.plugins.CorePlugin),Set(Atom(sbt.plugins.Giter8TemplatePlugin)))
[debug] Clause(Atom(sbt.plugins.JvmPlugin),Set(Atom(sbt.plugins.MiniDependencyTreePlugin))))
[debug]   :: deduced result: Matched(sbt.plugins.CorePlugin,sbt.plugins.Giter8TemplatePlugin,sbt.plugins.IvyPlugin,sbt.plugins.JvmPlugin,sbt.plugins.MiniDependencyTreePlugin,sbt.plugins.JUnitXmlReportPlugin,sbt.plugins.SemanticdbPlugin)
[debug] Plugins.deducer#function took 5.541833 ms
[info] loading settings for project zio-learning-build from plugins.sbt ...
[debug]               Load.resolveProject(zio-learning-build) took 18.246375ms
[debug]             Load.loadTransitive: finalizeProject(Project(id zio-learning-build, base: /Users/bala/IdeaProjects/zio-learning/project, plugins: List(<none>))) took 33.608833ms
[debug] [Loading] Done in /Users/bala/IdeaProjects/zio-learning/project, returning: (zio-learning-build)
[debug]           Load.loadUnit: loadedProjectsRaw took 119.578209ms
[debug]           Load.loadUnit: cleanEvalClasses took 1.798083ms
[debug]         Load.loadUnit(file:/Users/bala/IdeaProjects/zio-learning/project/, ...) took 155.618583ms
[debug]       Load.apply: load took 412.588291ms
[debug]       Load.apply: resolveProjects took 1.960125ms
[debug]       Load.apply: finalTransforms took 28.143125ms
[debug]       Load.apply: config.delegates took 2.70275ms
[debug]       Load.apply: Def.make(settings)... took 193.277583ms
[debug]       Load.apply: structureIndex took 36.830417ms
[debug]       Load.apply: mkStreams took 0.637459ms
[info] loading project definition from /Users/bala/IdeaProjects/zio-learning/project
[debug] Running task... Cancel: Signal, check cycles: false, forcegc: true
[debug]     Load.loadUnit: plugins took 1334.770125ms
[debug]     Load.loadUnit: defsScala took 0.001792ms
[debug] [Loading] Scanning directory /Users/bala/IdeaProjects/zio-learning
[debug]       Load.loadUnit: mkEval took 0.097834ms
[debug] [Loading] Found root project root w/ remaining 
[debug] deducing auto plugins based on known facts Set(Atom(sbt.plugins.CorePlugin)) and clauses Clauses(Clause(Atom(sbt.plugins.JvmPlugin),Set(Atom(sbt.plugins.IvyPlugin)))
[debug] Clause(Atom(sbt.ScriptedPlugin),Set(Atom(sbt.plugins.JvmPlugin)))
[debug] Clause(Atom(sbt.plugins.SbtPlugin),Set(Atom(sbt.ScriptedPlugin)))
[debug] Clause(Atom(sbt.plugins.SemanticdbPlugin),Set(Atom(sbt.plugins.JvmPlugin)))
[debug] Clause(Atom(sbt.plugins.JUnitXmlReportPlugin),Set(Atom(sbt.plugins.JvmPlugin)))
[debug] Clause(Atom(sbt.plugins.MiniDependencyTreePlugin),Set(Atom(sbt.plugins.JvmPlugin)))
[debug] Clause(Atom(sbtprotoc.ProtocPlugin),Set(Atom(sbt.plugins.JvmPlugin)))
[debug] Clause(Atom(org.portablescala.sbtplatformdeps.PlatformDepsPlugin),Set(Atom(sbt.plugins.JvmPlugin)))
[debug] Clause(Atom(sbt.plugins.CorePlugin),Set(Atom(sbt.plugins.IvyPlugin)))
[debug] Clause(Atom(sbt.plugins.IvyPlugin),Set(Atom(sbt.plugins.JvmPlugin)))
[debug] Clause(Atom(sbt.plugins.JvmPlugin),Set(Atom(sbt.plugins.SemanticdbPlugin)))
[debug] Clause(Atom(sbt.plugins.JvmPlugin),Set(Atom(sbt.plugins.JUnitXmlReportPlugin)))
[debug] Clause(Atom(sbt.plugins.CorePlugin),Set(Atom(sbt.plugins.Giter8TemplatePlugin)))
[debug] Clause(Atom(sbt.plugins.JvmPlugin),Set(Atom(sbt.plugins.MiniDependencyTreePlugin)))
[debug] Clause(Atom(sbt.plugins.JvmPlugin),Set(Atom(sbtprotoc.ProtocPlugin)))
[debug] Clause(Atom(sbt.plugins.JvmPlugin),Set(Atom(org.portablescala.sbtplatformdeps.PlatformDepsPlugin))))
[debug]   :: deduced result: Matched(sbt.plugins.CorePlugin,sbt.plugins.Giter8TemplatePlugin,sbt.plugins.IvyPlugin,sbt.plugins.JvmPlugin,org.portablescala.sbtplatformdeps.PlatformDepsPlugin,sbt.plugins.SemanticdbPlugin,sbt.plugins.JUnitXmlReportPlugin,sbtprotoc.ProtocPlugin,sbt.plugins.MiniDependencyTreePlugin)
[debug] Plugins.deducer#function took 2.289833 ms
[info] loading settings for project root from build.sbt ...
[debug]         Load.resolveProject(root) took 1.5205ms
[debug]       Load.loadTransitive: finalizeProject(Project(id root, base: /Users/bala/IdeaProjects/zio-learning, plugins: List(<none>))) took 4.385292ms
[debug] [Loading] Done in /Users/bala/IdeaProjects/zio-learning, returning: (root)
[debug]     Load.loadUnit: loadedProjectsRaw took 1792.323ms
[debug]     Load.loadUnit: cleanEvalClasses took 9.652625ms
[debug]   Load.loadUnit(file:/Users/bala/IdeaProjects/zio-learning/, ...) took 3137.416375ms
[debug] Load.apply: load took 3143.854209ms
[debug] Load.apply: resolveProjects took 0.102458ms
[debug] Load.apply: finalTransforms took 7.179959ms
[debug] Load.apply: config.delegates took 0.199083ms
[debug] Load.apply: Def.make(settings)... took 52.245ms
[debug] Load.apply: structureIndex took 12.299125ms
[debug] Load.apply: mkStreams took 0.007958ms
[info] set current project to zio-learning (in build file:/Users/bala/IdeaProjects/zio-learning/)
[debug] > Exec(sbtPopOnFailure, None, None)
[debug] > Exec(resumeFromFailure, None, None)
[debug] > Exec(notifyUsersAboutShell, None, None)
[debug] > Exec(iflast shell, None, None)
[debug] > Exec(shell, None, None)
[info] sbt server started at local:///Users/bala/.sbt/1.0/server/0745e20ecba3a63aa23b/sock
[debug] Writing bsp connection file
[info] started sbt server
