[debug] > Exec(early(addDefaultCommands), None, None)
[debug] > Exec(addDefaultCommands, None, None)
[debug] > Exec(early(initialize), None, None)
[debug] > Exec(initialize, None, None)
[debug] > Exec(boot, None, None)
[debug] > Exec(writeSbtVersion, None, None)
[debug] > Exec(reload, None, None)
[debug] > Exec(sbtStashOnFailure, None, None)
[debug] > Exec(onFailure loadFailed, None, None)
[debug] > Exec(loadp, None, None)
[info] welcome to sbt 1.10.2 (JetBrains s.r.o. Java 17.0.12)
[debug] Load.defaultLoad until apply took 136.825167ms
[debug]           Load.loadUnit: plugins took 32.674417ms
[debug]           Load.loadUnit: defsScala took 0.1055ms
[debug] [Loading] Scanning directory /Users/bala/IdeaProjects/zio-learning/project
[debug]             Load.loadUnit: mkEval took 3.553958ms
[debug] [Loading] Found non-root projects 
[debug] [Loading] Done in /Users/bala/IdeaProjects/zio-learning/project, returning: ()
[debug] deducing auto plugins based on known facts Set(Atom(sbt.plugins.CorePlugin)) and clauses Clauses(Clause(Atom(sbt.plugins.JvmPlugin),Set(Atom(sbt.plugins.IvyPlugin)))
[debug] Clause(Atom(sbt.ScriptedPlugin),Set(Atom(sbt.plugins.JvmPlugin)))
[debug] Clause(Atom(sbt.plugins.SbtPlugin),Set(Atom(sbt.ScriptedPlugin)))
[debug] Clause(Atom(sbt.plugins.SemanticdbPlugin),Set(Atom(sbt.plugins.JvmPlugin)))
[debug] Clause(Atom(sbt.plugins.JUnitXmlReportPlugin),Set(Atom(sbt.plugins.JvmPlugin)))
[debug] Clause(Atom(sbt.plugins.MiniDependencyTreePlugin),Set(Atom(sbt.plugins.JvmPlugin)))
[debug] Clause(Atom(sbt.plugins.CorePlugin),Set(Atom(sbt.plugins.IvyPlugin)))
[debug] Clause(Atom(sbt.plugins.IvyPlugin),Set(Atom(sbt.plugins.JvmPlugin)))
[debug] Clause(Atom(sbt.plugins.JvmPlugin),Set(Atom(sbt.plugins.SemanticdbPlugin)))
[debug] Clause(Atom(sbt.plugins.JvmPlugin),Set(Atom(sbt.plugins.JUnitXmlReportPlugin)))
[debug] Clause(Atom(sbt.plugins.CorePlugin),Set(Atom(sbt.plugins.Giter8TemplatePlugin)))
[debug] Clause(Atom(sbt.plugins.JvmPlugin),Set(Atom(sbt.plugins.MiniDependencyTreePlugin))))
[debug]   :: deduced result: Matched(sbt.plugins.CorePlugin,sbt.plugins.Giter8TemplatePlugin,sbt.plugins.IvyPlugin,sbt.plugins.JvmPlugin,sbt.plugins.MiniDependencyTreePlugin,sbt.plugins.JUnitXmlReportPlugin,sbt.plugins.SemanticdbPlugin)
[debug] Plugins.deducer#function took 7.732208 ms
[info] loading settings for project zio-learning-build from plugins.sbt ...
[debug]               Load.resolveProject(zio-learning-build) took 23.976917ms
[debug]             Load.loadTransitive: finalizeProject(Project(id zio-learning-build, base: /Users/bala/IdeaProjects/zio-learning/project, plugins: List(<none>))) took 51.461417ms
[debug] [Loading] Done in /Users/bala/IdeaProjects/zio-learning/project, returning: (zio-learning-build)
[debug]           Load.loadUnit: loadedProjectsRaw took 367.404584ms
[debug]           Load.loadUnit: cleanEvalClasses took 5.256708ms
[debug]         Load.loadUnit(file:/Users/bala/IdeaProjects/zio-learning/project/, ...) took 408.65325ms
[debug]       Load.apply: load took 727.811292ms
[debug]       Load.apply: resolveProjects took 3.413875ms
[debug]       Load.apply: finalTransforms took 30.274209ms
[debug]       Load.apply: config.delegates took 3.18375ms
[debug]       Load.apply: Def.make(settings)... took 209.067208ms
[debug]       Load.apply: structureIndex took 42.978042ms
[debug]       Load.apply: mkStreams took 0.747834ms
[info] loading project definition from /Users/bala/IdeaProjects/zio-learning/project
[debug] Running task... Cancel: Signal, check cycles: false, forcegc: true
[debug]     Load.loadUnit: plugins took 1850.386ms
[debug]     Load.loadUnit: defsScala took 0.00275ms
[debug] [Loading] Scanning directory /Users/bala/IdeaProjects/zio-learning
[debug]       Load.loadUnit: mkEval took 0.675958ms
[debug] [Loading] Found root project root w/ remaining 
[debug] deducing auto plugins based on known facts Set(Atom(sbt.plugins.CorePlugin)) and clauses Clauses(Clause(Atom(sbt.plugins.JvmPlugin),Set(Atom(sbt.plugins.IvyPlugin)))
[debug] Clause(Atom(sbt.ScriptedPlugin),Set(Atom(sbt.plugins.JvmPlugin)))
[debug] Clause(Atom(sbt.plugins.SbtPlugin),Set(Atom(sbt.ScriptedPlugin)))
[debug] Clause(Atom(sbt.plugins.SemanticdbPlugin),Set(Atom(sbt.plugins.JvmPlugin)))
[debug] Clause(Atom(sbt.plugins.JUnitXmlReportPlugin),Set(Atom(sbt.plugins.JvmPlugin)))
[debug] Clause(Atom(sbt.plugins.MiniDependencyTreePlugin),Set(Atom(sbt.plugins.JvmPlugin)))
[debug] Clause(Atom(sbtprotoc.ProtocPlugin),Set(Atom(sbt.plugins.JvmPlugin)))
[debug] Clause(Atom(org.portablescala.sbtplatformdeps.PlatformDepsPlugin),Set(Atom(sbt.plugins.JvmPlugin)))
[debug] Clause(Atom(sbt.plugins.CorePlugin),Set(Atom(sbt.plugins.IvyPlugin)))
[debug] Clause(Atom(sbt.plugins.IvyPlugin),Set(Atom(sbt.plugins.JvmPlugin)))
[debug] Clause(Atom(sbt.plugins.JvmPlugin),Set(Atom(sbt.plugins.SemanticdbPlugin)))
[debug] Clause(Atom(sbt.plugins.JvmPlugin),Set(Atom(sbt.plugins.JUnitXmlReportPlugin)))
[debug] Clause(Atom(sbt.plugins.CorePlugin),Set(Atom(sbt.plugins.Giter8TemplatePlugin)))
[debug] Clause(Atom(sbt.plugins.JvmPlugin),Set(Atom(sbt.plugins.MiniDependencyTreePlugin)))
[debug] Clause(Atom(sbt.plugins.JvmPlugin),Set(Atom(sbtprotoc.ProtocPlugin)))
[debug] Clause(Atom(sbt.plugins.JvmPlugin),Set(Atom(org.portablescala.sbtplatformdeps.PlatformDepsPlugin))))
[debug]   :: deduced result: Matched(sbt.plugins.CorePlugin,sbt.plugins.Giter8TemplatePlugin,sbt.plugins.IvyPlugin,sbt.plugins.JvmPlugin,org.portablescala.sbtplatformdeps.PlatformDepsPlugin,sbt.plugins.SemanticdbPlugin,sbt.plugins.JUnitXmlReportPlugin,sbtprotoc.ProtocPlugin,sbt.plugins.MiniDependencyTreePlugin)
[debug] Plugins.deducer#function took 1.2345 ms
[info] loading settings for project root from build.sbt ...
[debug]         Load.resolveProject(root) took 2.292792ms
[debug]       Load.loadTransitive: finalizeProject(Project(id root, base: /Users/bala/IdeaProjects/zio-learning, plugins: List(<none>))) took 4.731292ms
[debug] [Loading] Done in /Users/bala/IdeaProjects/zio-learning, returning: (root)
[debug]     Load.loadUnit: loadedProjectsRaw took 1104.604ms
[debug]     Load.loadUnit: cleanEvalClasses took 6.16675ms
[debug]   Load.loadUnit(file:/Users/bala/IdeaProjects/zio-learning/, ...) took 2962.420292ms
[debug] Load.apply: load took 2972.052041ms
[debug] Load.apply: resolveProjects took 0.436792ms
[debug] Load.apply: finalTransforms took 15.051125ms
[debug] Load.apply: config.delegates took 0.3265ms
[debug] Load.apply: Def.make(settings)... took 112.419958ms
[debug] Load.apply: structureIndex took 22.00025ms
[debug] Load.apply: mkStreams took 0.010917ms
[info] set current project to zio-learning (in build file:/Users/bala/IdeaProjects/zio-learning/)
[debug] > Exec(sbtPopOnFailure, None, None)
[debug] > Exec(resumeFromFailure, None, None)
[debug] > Exec(notifyUsersAboutShell, None, None)
[debug] > Exec(iflast shell, None, None)
[debug] > Exec(shell, None, None)
[info] sbt server started at local:///Users/bala/.sbt/1.0/server/0745e20ecba3a63aa23b/sock
[debug] Writing bsp connection file
[info] started sbt server
